\BOOKMARK [0][-]{chapter*.2}{Pr\303\251face}{}% 1
\BOOKMARK [0][-]{chapter.1}{Explication pr\303\251liminaires des concepts et des notations}{}% 2
\BOOKMARK [0][-]{chapter.2}{La th\303\251orie des types logiques}{}% 3
\BOOKMARK [0][-]{chapter.3}{Quelques symboles}{}% 4
\BOOKMARK [-1][-]{part.1}{I La logique math\303\251matique}{}% 5
\BOOKMARK [0][-]{chapter.4}{La th\303\251orie de la d\303\251duction}{part.1}% 6
\BOOKMARK [1][-]{section.4.1}{Id\303\251es primitives et propositions}{chapter.4}% 7
\BOOKMARK [1][-]{section.4.2}{Cons\303\251quences imm\303\251diates des id\303\251es primitives}{chapter.4}% 8
\BOOKMARK [1][-]{section.4.3}{Le produit logique de deux propositions}{chapter.4}% 9
\BOOKMARK [1][-]{section.4.4}{\311quivalence et r\303\250gles formelles}{chapter.4}% 10
\BOOKMARK [1][-]{section.4.5}{Propositions diverses}{chapter.4}% 11
\BOOKMARK [0][-]{chapter.5}{Th\303\251orie de la variable apparente}{part.1}% 12
\BOOKMARK [1][-]{section.5.1}{Extension de la th\303\251orie des proposition en fonction du type de proposition}{chapter.5}% 13
\BOOKMARK [1][-]{section.5.2}{Th\303\251orie des propositions contenant un variable apparente}{chapter.5}% 14
\BOOKMARK [1][-]{section.5.3}{Hi\303\251rarchie des types et axiome de r\303\251ductibilit\303\251}{chapter.5}% 15
\BOOKMARK [1][-]{section.5.4}{Identit\303\251}{chapter.5}% 16
\BOOKMARK [1][-]{section.5.5}{Description}{chapter.5}% 17
\BOOKMARK [0][-]{chapter.6}{Classes et des relations}{part.1}% 18
\BOOKMARK [1][-]{section.6.1}{Th\303\251orie g\303\251n\303\251rale des classe}{chapter.6}% 19
\BOOKMARK [1][-]{section.6.2}{Th\303\251orie g\303\251n\303\251rale des relations}{chapter.6}% 20
\BOOKMARK [1][-]{section.6.3}{Calcul des classes}{chapter.6}% 21
\BOOKMARK [1][-]{section.6.4}{Calcul des relations}{chapter.6}% 22
\BOOKMARK [1][-]{section.6.5}{La classe universelle, la classe nulle, et l'existence des classes}{chapter.6}% 23
\BOOKMARK [1][-]{section.6.6}{La relation universelle, la relation nulle et l'existence des relations}{chapter.6}% 24
\BOOKMARK [0][-]{chapter.7}{Logique des relations}{part.1}% 25
\BOOKMARK [1][-]{section.7.1}{Fonctions descriptives}{chapter.7}% 26
\BOOKMARK [1][-]{section.7.2}{Relations converse}{chapter.7}% 27
\BOOKMARK [1][-]{section.7.3}{Ref\303\251rent et relat\303\251 d'un terme en rapport avec une relation donn\303\251e}{chapter.7}% 28
\BOOKMARK [1][-]{section.7.4}{Domaine, domaine converse et champ d'une relation}{chapter.7}% 29
\BOOKMARK [1][-]{section.7.5}{Le produit relatif de deux relations}{chapter.7}% 30
\BOOKMARK [1][-]{section.7.6}{Relation avec des domaine et des domaines converses limit\303\251s}{chapter.7}% 31
\BOOKMARK [1][-]{section.7.7}{Relation avec des champs limit\303\251s}{chapter.7}% 32
\BOOKMARK [1][-]{section.7.8}{Fonction descriptives multiples}{chapter.7}% 33
\BOOKMARK [1][-]{section.7.9}{Classe et relation issue des fonctions doubles descriptives}{chapter.7}% 34
\BOOKMARK [0][-]{chapter.8}{Produits et sommes de classe}{part.1}% 35
\BOOKMARK [1][-]{section.8.1}{Produit et somme de classe de classe}{chapter.8}% 36
\BOOKMARK [1][-]{section.8.2}{Le produit et la somme des classes de relation}{chapter.8}% 37
\BOOKMARK [1][-]{section.8.3}{Propositions vari\303\251es}{chapter.8}% 38
\BOOKMARK [1][-]{section.8.4}{La relation entre un produit relatif et ses facteurs.}{chapter.8}% 39
